[debug] [2020-05-14T19:03:47.541Z] ----------------------------------------------------------------------
[debug] [2020-05-14T19:03:47.543Z] Command:       C:\Program Files\nodejs\node.exe C:\Users\Akhil Kumar\AppData\Roaming\npm\node_modules\firebase-tools\lib\bin\firebase.js deploy --only hosting:akhil
[debug] [2020-05-14T19:03:47.543Z] CLI Version:   8.2.0
[debug] [2020-05-14T19:03:47.543Z] Platform:      win32
[debug] [2020-05-14T19:03:47.543Z] Node Version:  v12.16.3
[debug] [2020-05-14T19:03:47.545Z] Time:          Fri May 15 2020 00:33:47 GMT+0530 (India Standard Time)
[debug] [2020-05-14T19:03:47.545Z] ----------------------------------------------------------------------
[debug] [2020-05-14T19:03:47.545Z] 
[debug] [2020-05-14T19:03:47.554Z] > command requires scopes: ["email","openid","https://www.googleapis.com/auth/cloudplatformprojects.readonly","https://www.googleapis.com/auth/firebase","https://www.googleapis.com/auth/cloud-platform"]
[debug] [2020-05-14T19:03:47.555Z] > authorizing via signed-in user
[debug] [2020-05-14T19:03:47.555Z] [iam] checking project portfolio-fd8ac for permissions ["firebase.projects.get","firebasehosting.sites.update"]
[debug] [2020-05-14T19:03:47.558Z] >>> HTTP REQUEST POST https://cloudresourcemanager.googleapis.com/v1/projects/portfolio-fd8ac:testIamPermissions  
 {"permissions":["firebase.projects.get","firebasehosting.sites.update"]}
[debug] [2020-05-14T19:03:51.186Z] <<< HTTP RESPONSE 200 {"content-type":"application/json; charset=UTF-8","vary":"X-Origin, Referer, Origin,Accept-Encoding","date":"Thu, 14 May 2020 19:03:50 GMT","server":"ESF","cache-control":"private","x-xss-protection":"0","x-frame-options":"SAMEORIGIN","x-content-type-options":"nosniff","server-timing":"gfet4t7; dur=1335","alt-svc":"h3-27=\":443\"; ma=2592000,h3-25=\":443\"; ma=2592000,h3-T050=\":443\"; ma=2592000,h3-Q050=\":443\"; ma=2592000,h3-Q049=\":443\"; ma=2592000,h3-Q048=\":443\"; ma=2592000,h3-Q046=\":443\"; ma=2592000,h3-Q043=\":443\"; ma=2592000,quic=\":443\"; ma=2592000; v=\"46,43\"","accept-ranges":"none","transfer-encoding":"chunked"}
[debug] [2020-05-14T19:03:51.188Z] >>> HTTP REQUEST GET https://firebase.googleapis.com/v1beta1/projects/portfolio-fd8ac  
 
[debug] [2020-05-14T19:03:52.367Z] <<< HTTP RESPONSE 200 {"content-type":"application/json; charset=UTF-8","vary":"X-Origin, Referer, Origin,Accept-Encoding","date":"Thu, 14 May 2020 19:03:52 GMT","server":"ESF","cache-control":"private","x-xss-protection":"0","x-frame-options":"SAMEORIGIN","x-content-type-options":"nosniff","alt-svc":"h3-27=\":443\"; ma=2592000,h3-25=\":443\"; ma=2592000,h3-T050=\":443\"; ma=2592000,h3-Q050=\":443\"; ma=2592000,h3-Q049=\":443\"; ma=2592000,h3-Q048=\":443\"; ma=2592000,h3-Q046=\":443\"; ma=2592000,h3-Q043=\":443\"; ma=2592000,quic=\":443\"; ma=2592000; v=\"46,43\"","accept-ranges":"none","transfer-encoding":"chunked"}
[info] 
[info] === Deploying to 'portfolio-fd8ac'...
[info] 
[info] i  deploying hosting
[info] 
[info] +  Deploy complete!
[info] 
[info] Project Console: https://console.firebase.google.com/project/portfolio-fd8ac/overview
[debug] [2020-05-14T19:03:52.894Z] TypeError: Cannot read property 'deploys' of undefined
    at C:\Users\Akhil Kumar\AppData\Roaming\npm\node_modules\firebase-tools\lib\deploy\index.js:84:36
    at processTicksAndRejections (internal/process/task_queues.js:97:5)
[error] 
[error] Error: An unexpected error has occurred.
